mode: set
github.com/verygoodsoftwarenotvirus/tarp/example_packages/conditionals/main.go:3.17,4.20 1 1
github.com/verygoodsoftwarenotvirus/tarp/example_packages/conditionals/main.go:7.2,7.12 1 0
github.com/verygoodsoftwarenotvirus/tarp/example_packages/conditionals/main.go:4.20,6.3 1 1
github.com/verygoodsoftwarenotvirus/tarp/example_packages/conditionals/main.go:10.17,12.2 1 1
github.com/verygoodsoftwarenotvirus/tarp/example_packages/conditionals/main.go:14.17,16.2 1 1
github.com/verygoodsoftwarenotvirus/tarp/example_packages/conditionals/main.go:18.16,22.2 3 1
